<?xml version="1.0" encoding="UTF-8"?>
<!-- Generated by org.testng.reporters.JUnitReportReporter -->
<testsuite hostname="DESKTOP-896EQCN" failures="0" tests="1" name="manu_jen.CreateUserTest" time="0.050" errors="0" timestamp="2022-05-10T22:05:58 IST" skipped="0">
  <testcase classname="manu_jen.CreateUserTest" name="CreateUserTest" time="0.050"/>
  <system-out/>
</testsuite> <!-- manu_jen.CreateUserTest -->
